<?xml version="1.0" encoding="UTF-8" ?>
<testsuite tests="5" failures="2" name="com.luna.service.LigneCommandeTest" time="0.03" errors="0" skipped="1">
  <properties>
    <property name="java.runtime.name" value="Java(TM) SE Runtime Environment"/>
    <property name="sun.boot.library.path" value="C:\Program Files\Java\jdk1.8.0_91\jre\bin"/>
    <property name="java.vm.version" value="25.91-b14"/>
    <property name="java.vm.vendor" value="Oracle Corporation"/>
    <property name="maven.multiModuleProjectDirectory" value="C:\Users\SDJ03\Documents\GitHub\LunaWeb_Project"/>
    <property name="java.vendor.url" value="http://java.oracle.com/"/>
    <property name="path.separator" value=";"/>
    <property name="guice.disable.misplaced.annotation.check" value="true"/>
    <property name="java.vm.name" value="Java HotSpot(TM) 64-Bit Server VM"/>
    <property name="file.encoding.pkg" value="sun.io"/>
    <property name="user.script" value=""/>
    <property name="user.country" value="FR"/>
    <property name="sun.java.launcher" value="SUN_STANDARD"/>
    <property name="sun.os.patch.level" value=""/>
    <property name="java.vm.specification.name" value="Java Virtual Machine Specification"/>
    <property name="user.dir" value="C:\Users\SDJ03\Documents\GitHub\LunaWeb_Project"/>
    <property name="java.runtime.version" value="1.8.0_91-b14"/>
    <property name="java.awt.graphicsenv" value="sun.awt.Win32GraphicsEnvironment"/>
    <property name="java.endorsed.dirs" value="C:\Program Files\Java\jdk1.8.0_91\jre\lib\endorsed"/>
    <property name="os.arch" value="amd64"/>
    <property name="java.io.tmpdir" value="C:\Users\SDJ03\AppData\Local\Temp\"/>
    <property name="line.separator" value="
"/>
    <property name="java.vm.specification.vendor" value="Oracle Corporation"/>
    <property name="user.variant" value=""/>
    <property name="os.name" value="Windows 10"/>
    <property name="classworlds.conf" value="C:\Formation JEE\workspaceJee\.metadata\.plugins\org.eclipse.m2e.launching\launches\m2conf4383273055857435652.tmp"/>
    <property name="sun.jnu.encoding" value="Cp1252"/>
    <property name="java.library.path" value="C:\Program Files\Java\jdk1.8.0_91\bin;C:\WINDOWS\Sun\Java\bin;C:\WINDOWS\system32;C:\WINDOWS;C:/Program Files/Java/jdk1.8.0_91/bin/../jre/bin/server;C:/Program Files/Java/jdk1.8.0_91/bin/../jre/bin;C:/Program Files/Java/jdk1.8.0_91/bin/../jre/lib/amd64;C:\ProgramData\Oracle\Java\javapath;c:\Program Files (x86)\Intel\iCLS Client\;c:\Program Files\Intel\iCLS Client\;C:\WINDOWS\system32;C:\WINDOWS;C:\WINDOWS\System32\Wbem;C:\WINDOWS\System32\WindowsPowerShell\v1.0\;C:\Program Files\Intel\Intel(R) Management Engine Components\DAL;C:\Program Files (x86)\Intel\Intel(R) Management Engine Components\DAL;C:\Program Files\Intel\Intel(R) Management Engine Components\IPT;C:\Program Files (x86)\Intel\Intel(R) Management Engine Components\IPT;C:\Program Files\SlikSvn\bin;C:\dev\Apache\apache-maven-3.5.0\bin;C:\Program Files\Git\cmd;C:\Users\SDJ03\AppData\Local\atom\bin;C:\dev\apache-maven-3.3.3\bin;C:\Program Files\Java\jdk1.8.0_91\bin;C:\Users\SDJ03\AppData\Local\Microsoft\WindowsApps;C:\Users\SDJ03\AppData\Local\GitHubDesktop\bin;C:\Formation JEE\tools\eclipse-jee-oxygen-1a-win32-x86_64\eclipse;;."/>
    <property name="java.specification.name" value="Java Platform API Specification"/>
    <property name="java.class.version" value="52.0"/>
    <property name="sun.management.compiler" value="HotSpot 64-Bit Tiered Compilers"/>
    <property name="os.version" value="10.0"/>
    <property name="user.home" value="C:\Users\SDJ03"/>
    <property name="user.timezone" value="Europe/Paris"/>
    <property name="java.awt.printerjob" value="sun.awt.windows.WPrinterJob"/>
    <property name="java.specification.version" value="1.8"/>
    <property name="file.encoding" value="Cp1252"/>
    <property name="user.name" value="SDJ03"/>
    <property name="java.class.path" value="C:\Formation JEE\tools\eclipse-jee-oxygen-1a-win32-x86_64\eclipse\plugins\org.eclipse.m2e.maven.runtime_1.8.2.20171007-0216\jars\plexus-classworlds-2.5.2.jar"/>
    <property name="java.vm.specification.version" value="1.8"/>
    <property name="sun.arch.data.model" value="64"/>
    <property name="java.home" value="C:\Program Files\Java\jdk1.8.0_91\jre"/>
    <property name="sun.java.command" value="org.codehaus.plexus.classworlds.launcher.Launcher -B install"/>
    <property name="java.specification.vendor" value="Oracle Corporation"/>
    <property name="user.language" value="fr"/>
    <property name="awt.toolkit" value="sun.awt.windows.WToolkit"/>
    <property name="java.vm.info" value="mixed mode"/>
    <property name="java.version" value="1.8.0_91"/>
    <property name="java.ext.dirs" value="C:\Program Files\Java\jdk1.8.0_91\jre\lib\ext;C:\WINDOWS\Sun\Java\lib\ext"/>
    <property name="sun.boot.class.path" value="C:\Program Files\Java\jdk1.8.0_91\jre\lib\resources.jar;C:\Program Files\Java\jdk1.8.0_91\jre\lib\rt.jar;C:\Program Files\Java\jdk1.8.0_91\jre\lib\sunrsasign.jar;C:\Program Files\Java\jdk1.8.0_91\jre\lib\jsse.jar;C:\Program Files\Java\jdk1.8.0_91\jre\lib\jce.jar;C:\Program Files\Java\jdk1.8.0_91\jre\lib\charsets.jar;C:\Program Files\Java\jdk1.8.0_91\jre\lib\jfr.jar;C:\Program Files\Java\jdk1.8.0_91\jre\classes"/>
    <property name="java.vendor" value="Oracle Corporation"/>
    <property name="maven.home" value="C:\Users\SDJ03\Documents\GitHub\LunaWeb_Project\EMBEDDED"/>
    <property name="file.separator" value="\"/>
    <property name="java.vendor.url.bug" value="http://bugreport.sun.com/bugreport/"/>
    <property name="sun.cpu.endian" value="little"/>
    <property name="sun.io.unicode.encoding" value="UnicodeLittle"/>
    <property name="sun.desktop" value="windows"/>
    <property name="sun.cpu.isalist" value="amd64"/>
  </properties>
  <testcase classname="com.luna.service.LigneCommandeTest" name="doesItGet" time="0">
    <failure type="java.lang.AssertionError">java.lang.AssertionError
	at org.junit.Assert.fail(Assert.java:86)
	at org.junit.Assert.assertTrue(Assert.java:41)
	at org.junit.Assert.assertNotNull(Assert.java:712)
	at org.junit.Assert.assertNotNull(Assert.java:722)
	at com.luna.service.LigneCommandeTest.doesItGet(LigneCommandeTest.java:64)
	at sun.reflect.NativeMethodAccessorImpl.invoke0(Native Method)
	at sun.reflect.NativeMethodAccessorImpl.invoke(NativeMethodAccessorImpl.java:62)
	at sun.reflect.DelegatingMethodAccessorImpl.invoke(DelegatingMethodAccessorImpl.java:43)
	at java.lang.reflect.Method.invoke(Method.java:498)
	at org.junit.runners.model.FrameworkMethod$1.runReflectiveCall(FrameworkMethod.java:50)
	at org.junit.internal.runners.model.ReflectiveCallable.run(ReflectiveCallable.java:12)
	at org.junit.runners.model.FrameworkMethod.invokeExplosively(FrameworkMethod.java:47)
	at org.junit.internal.runners.statements.InvokeMethod.evaluate(InvokeMethod.java:17)
	at org.springframework.test.context.junit4.statements.RunBeforeTestMethodCallbacks.evaluate(RunBeforeTestMethodCallbacks.java:75)
	at org.springframework.test.context.junit4.statements.RunAfterTestMethodCallbacks.evaluate(RunAfterTestMethodCallbacks.java:86)
	at org.springframework.test.context.junit4.statements.SpringRepeat.evaluate(SpringRepeat.java:84)
	at org.junit.runners.ParentRunner.runLeaf(ParentRunner.java:325)
	at org.springframework.test.context.junit4.SpringJUnit4ClassRunner.runChild(SpringJUnit4ClassRunner.java:252)
	at org.springframework.test.context.junit4.SpringJUnit4ClassRunner.runChild(SpringJUnit4ClassRunner.java:94)
	at org.junit.runners.ParentRunner$3.run(ParentRunner.java:290)
	at org.junit.runners.ParentRunner$1.schedule(ParentRunner.java:71)
	at org.junit.runners.ParentRunner.runChildren(ParentRunner.java:288)
	at org.junit.runners.ParentRunner.access$000(ParentRunner.java:58)
	at org.junit.runners.ParentRunner$2.evaluate(ParentRunner.java:268)
	at org.springframework.test.context.junit4.statements.RunBeforeTestClassCallbacks.evaluate(RunBeforeTestClassCallbacks.java:61)
	at org.springframework.test.context.junit4.statements.RunAfterTestClassCallbacks.evaluate(RunAfterTestClassCallbacks.java:70)
	at org.junit.runners.ParentRunner.run(ParentRunner.java:363)
	at org.springframework.test.context.junit4.SpringJUnit4ClassRunner.run(SpringJUnit4ClassRunner.java:191)
	at org.apache.maven.surefire.junit4.JUnit4Provider.execute(JUnit4Provider.java:252)
	at org.apache.maven.surefire.junit4.JUnit4Provider.executeTestSet(JUnit4Provider.java:141)
	at org.apache.maven.surefire.junit4.JUnit4Provider.invoke(JUnit4Provider.java:112)
	at sun.reflect.NativeMethodAccessorImpl.invoke0(Native Method)
	at sun.reflect.NativeMethodAccessorImpl.invoke(NativeMethodAccessorImpl.java:62)
	at sun.reflect.DelegatingMethodAccessorImpl.invoke(DelegatingMethodAccessorImpl.java:43)
	at java.lang.reflect.Method.invoke(Method.java:498)
	at org.apache.maven.surefire.util.ReflectionUtils.invokeMethodWithArray(ReflectionUtils.java:189)
	at org.apache.maven.surefire.booter.ProviderFactory$ProviderProxy.invoke(ProviderFactory.java:165)
	at org.apache.maven.surefire.booter.ProviderFactory.invokeProvider(ProviderFactory.java:85)
	at org.apache.maven.surefire.booter.ForkedBooter.runSuitesInProcess(ForkedBooter.java:115)
	at org.apache.maven.surefire.booter.ForkedBooter.main(ForkedBooter.java:75)
</failure>
    <system-out>Hibernate: 
    select
        lignecomma0_.idLigne as idLigne1_4_0_,
        lignecomma0_.article_idArticle as article_3_4_0_,
        lignecomma0_.commande_idCommande as commande4_4_0_,
        lignecomma0_.quantite as quantite2_4_0_,
        article1_.idArticle as idArticl1_0_1_,
        article1_.categorie as categori2_0_1_,
        article1_.codeArt as codeArt3_0_1_,
        article1_.nomArticle as nomArtic4_0_1_,
        article1_.prixUnitaire as prixUnit5_0_1_,
        article1_.stock as stock6_0_1_,
        commande2_.idCommande as idComman1_2_2_,
        commande2_.client_idClient as client_i7_2_2_,
        commande2_.dateCom as dateCom2_2_2_,
        commande2_.dateLivraison as dateLivr3_2_2_,
        commande2_.etat as etat4_2_2_,
        commande2_.numCom as numCom5_2_2_,
        commande2_.total as total6_2_2_,
        client3_.idClient as idClient1_1_3_,
        client3_.codeClient as codeClie2_1_3_,
        client3_.codePostal as codePost3_1_3_,
        client3_.date_creation as date_cre4_1_3_,
        client3_.mail as mail5_1_3_,
        client3_.nom as nom6_1_3_,
        client3_.prenom as prenom7_1_3_,
        client3_.remarques as remarque8_1_3_,
        client3_.rue as rue9_1_3_,
        client3_.tel as tel10_1_3_,
        client3_.ville as ville11_1_3_ 
    from
        LigneCommande lignecomma0_ 
    left outer join
        Article article1_ 
            on lignecomma0_.article_idArticle=article1_.idArticle 
    left outer join
        Commande commande2_ 
            on lignecomma0_.commande_idCommande=commande2_.idCommande 
    left outer join
        Client client3_ 
            on commande2_.client_idClient=client3_.idClient 
    where
        lignecomma0_.idLigne=?
</system-out>
  </testcase>
  <testcase classname="com.luna.service.LigneCommandeTest" name="doesItGetAll" time="0"/>
  <testcase classname="com.luna.service.LigneCommandeTest" name="doesItInsert" time="0.015">
    <failure type="java.lang.AssertionError">java.lang.AssertionError
	at org.junit.Assert.fail(Assert.java:86)
	at org.junit.Assert.assertTrue(Assert.java:41)
	at org.junit.Assert.assertNotNull(Assert.java:712)
	at org.junit.Assert.assertNotNull(Assert.java:722)
	at com.luna.service.LigneCommandeTest.doesItInsert(LigneCommandeTest.java:39)
	at sun.reflect.NativeMethodAccessorImpl.invoke0(Native Method)
	at sun.reflect.NativeMethodAccessorImpl.invoke(NativeMethodAccessorImpl.java:62)
	at sun.reflect.DelegatingMethodAccessorImpl.invoke(DelegatingMethodAccessorImpl.java:43)
	at java.lang.reflect.Method.invoke(Method.java:498)
	at org.junit.runners.model.FrameworkMethod$1.runReflectiveCall(FrameworkMethod.java:50)
	at org.junit.internal.runners.model.ReflectiveCallable.run(ReflectiveCallable.java:12)
	at org.junit.runners.model.FrameworkMethod.invokeExplosively(FrameworkMethod.java:47)
	at org.junit.internal.runners.statements.InvokeMethod.evaluate(InvokeMethod.java:17)
	at org.springframework.test.context.junit4.statements.RunBeforeTestMethodCallbacks.evaluate(RunBeforeTestMethodCallbacks.java:75)
	at org.springframework.test.context.junit4.statements.RunAfterTestMethodCallbacks.evaluate(RunAfterTestMethodCallbacks.java:86)
	at org.springframework.test.context.junit4.statements.SpringRepeat.evaluate(SpringRepeat.java:84)
	at org.junit.runners.ParentRunner.runLeaf(ParentRunner.java:325)
	at org.springframework.test.context.junit4.SpringJUnit4ClassRunner.runChild(SpringJUnit4ClassRunner.java:252)
	at org.springframework.test.context.junit4.SpringJUnit4ClassRunner.runChild(SpringJUnit4ClassRunner.java:94)
	at org.junit.runners.ParentRunner$3.run(ParentRunner.java:290)
	at org.junit.runners.ParentRunner$1.schedule(ParentRunner.java:71)
	at org.junit.runners.ParentRunner.runChildren(ParentRunner.java:288)
	at org.junit.runners.ParentRunner.access$000(ParentRunner.java:58)
	at org.junit.runners.ParentRunner$2.evaluate(ParentRunner.java:268)
	at org.springframework.test.context.junit4.statements.RunBeforeTestClassCallbacks.evaluate(RunBeforeTestClassCallbacks.java:61)
	at org.springframework.test.context.junit4.statements.RunAfterTestClassCallbacks.evaluate(RunAfterTestClassCallbacks.java:70)
	at org.junit.runners.ParentRunner.run(ParentRunner.java:363)
	at org.springframework.test.context.junit4.SpringJUnit4ClassRunner.run(SpringJUnit4ClassRunner.java:191)
	at org.apache.maven.surefire.junit4.JUnit4Provider.execute(JUnit4Provider.java:252)
	at org.apache.maven.surefire.junit4.JUnit4Provider.executeTestSet(JUnit4Provider.java:141)
	at org.apache.maven.surefire.junit4.JUnit4Provider.invoke(JUnit4Provider.java:112)
	at sun.reflect.NativeMethodAccessorImpl.invoke0(Native Method)
	at sun.reflect.NativeMethodAccessorImpl.invoke(NativeMethodAccessorImpl.java:62)
	at sun.reflect.DelegatingMethodAccessorImpl.invoke(DelegatingMethodAccessorImpl.java:43)
	at java.lang.reflect.Method.invoke(Method.java:498)
	at org.apache.maven.surefire.util.ReflectionUtils.invokeMethodWithArray(ReflectionUtils.java:189)
	at org.apache.maven.surefire.booter.ProviderFactory$ProviderProxy.invoke(ProviderFactory.java:165)
	at org.apache.maven.surefire.booter.ProviderFactory.invokeProvider(ProviderFactory.java:85)
	at org.apache.maven.surefire.booter.ForkedBooter.runSuitesInProcess(ForkedBooter.java:115)
	at org.apache.maven.surefire.booter.ForkedBooter.main(ForkedBooter.java:75)
</failure>
    <system-out>Hibernate: 
    select
        next_val as id_val 
    from
        hibernate_sequence for update
            
Hibernate: 
    update
        hibernate_sequence 
    set
        next_val= ? 
    where
        next_val=?
Hibernate: 
    select
        lignecomma0_.idLigne as idLigne1_4_0_,
        lignecomma0_.article_idArticle as article_3_4_0_,
        lignecomma0_.commande_idCommande as commande4_4_0_,
        lignecomma0_.quantite as quantite2_4_0_,
        article1_.idArticle as idArticl1_0_1_,
        article1_.categorie as categori2_0_1_,
        article1_.codeArt as codeArt3_0_1_,
        article1_.nomArticle as nomArtic4_0_1_,
        article1_.prixUnitaire as prixUnit5_0_1_,
        article1_.stock as stock6_0_1_,
        commande2_.idCommande as idComman1_2_2_,
        commande2_.client_idClient as client_i7_2_2_,
        commande2_.dateCom as dateCom2_2_2_,
        commande2_.dateLivraison as dateLivr3_2_2_,
        commande2_.etat as etat4_2_2_,
        commande2_.numCom as numCom5_2_2_,
        commande2_.total as total6_2_2_,
        client3_.idClient as idClient1_1_3_,
        client3_.codeClient as codeClie2_1_3_,
        client3_.codePostal as codePost3_1_3_,
        client3_.date_creation as date_cre4_1_3_,
        client3_.mail as mail5_1_3_,
        client3_.nom as nom6_1_3_,
        client3_.prenom as prenom7_1_3_,
        client3_.remarques as remarque8_1_3_,
        client3_.rue as rue9_1_3_,
        client3_.tel as tel10_1_3_,
        client3_.ville as ville11_1_3_ 
    from
        LigneCommande lignecomma0_ 
    left outer join
        Article article1_ 
            on lignecomma0_.article_idArticle=article1_.idArticle 
    left outer join
        Commande commande2_ 
            on lignecomma0_.commande_idCommande=commande2_.idCommande 
    left outer join
        Client client3_ 
            on commande2_.client_idClient=client3_.idClient 
    where
        lignecomma0_.idLigne=?
</system-out>
    <system-err>Tue Jan 23 10:04:39 CET 2018 WARN: Establishing SSL connection without server&apos;s identity verification is not recommended. According to MySQL 5.5.45+, 5.6.26+ and 5.7.6+ requirements SSL connection must be established by default if explicit option isn&apos;t set. For compliance with existing applications not using SSL the verifyServerCertificate property is set to &apos;false&apos;. You need either to explicitly disable SSL by setting useSSL=false, or set useSSL=true and provide truststore for server certificate verification.
</system-err>
  </testcase>
  <testcase classname="com.luna.service.LigneCommandeTest" name="doesItRemove" time="0.015">
    <skipped/>
  </testcase>
  <testcase classname="com.luna.service.LigneCommandeTest" name="doesItUpdate" time="0"/>
</testsuite>